2021-08-20 09:12:20.409 INFO  user_id c37502e1-f32a-41cc-b243-3e93154c62fd put bet, bet value 20 
2021-08-20 09:12:34.879 INFO  user_id 17464def-cb2f-4542-9037-949b0b7bd9ea put bet, bet value 0 
2021-08-20 09:35:10.548 INFO  user_id c37502e1-f32a-41cc-b243-3e93154c62fd put bet, bet value 20 
2021-08-20 09:43:43.348 INFO  user_id c37502e1-f32a-41cc-b243-3e93154c62fd put bet, bet value 0 
2021-08-20 09:45:45.465 INFO  user_id c37502e1-f32a-41cc-b243-3e93154c62fd put bet, bet value 0 
2021-08-20 09:46:14.509 INFO  user_id c37502e1-f32a-41cc-b243-3e93154c62fd put bet, bet value 0 
2021-08-20 12:47:22.704 INFO  user_id 5646786b-ce3a-4722-91bb-c39fb9681878 put bet, bet value 0 
2021-08-20 12:49:21.673 INFO  user_id 5646786b-ce3a-4722-91bb-c39fb9681878 put bet, bet value 10 
2021-08-20 13:12:37.572 INFO  user_id 5646786b-ce3a-4722-91bb-c39fb9681878 put bet, bet value 10 
2021-08-20 13:12:56.644 INFO  user_id 5646786b-ce3a-4722-91bb-c39fb9681878 put bet, bet value 10 
2021-08-21 11:34:49.930 INFO  user_id 5646786b-ce3a-4722-91bb-c39fb9681878 put bet, bet value 10 
2021-08-21 11:37:33.695 INFO  user_id 5646786b-ce3a-4722-91bb-c39fb9681878 put bet, bet value 10 
2021-08-21 11:37:49.473 INFO  user_id b0b29340-3519-47f1-b6b5-d1500016bb66 put bet, bet value 20 
2021-08-21 11:42:07.695 INFO  user_id 5646786b-ce3a-4722-91bb-c39fb9681878 put bet, bet value 10 
2021-08-21 11:42:12.248 INFO  user_id b0b29340-3519-47f1-b6b5-d1500016bb66 put bet, bet value 20 
2021-08-21 11:51:43.726 INFO  user_id 5646786b-ce3a-4722-91bb-c39fb9681878 put bet, bet value 10 
2021-08-21 11:51:56.591 INFO  user_id b0b29340-3519-47f1-b6b5-d1500016bb66 put bet, bet value 10 
2021-08-21 11:53:47.935 INFO  user_id 5646786b-ce3a-4722-91bb-c39fb9681878 put bet, bet value 10 
2021-08-21 11:54:07.713 INFO  user_id b0b29340-3519-47f1-b6b5-d1500016bb66 put bet, bet value 10 
2021-08-21 11:56:22.850 INFO  user_id 5646786b-ce3a-4722-91bb-c39fb9681878 put bet, bet value 10 
2021-08-21 11:56:26.099 INFO  user_id b0b29340-3519-47f1-b6b5-d1500016bb66 put bet, bet value 10 
2021-08-21 12:01:01.603 INFO  user_id 5646786b-ce3a-4722-91bb-c39fb9681878 put bet, bet value 10 
2021-08-21 12:01:05.601 INFO  user_id b0b29340-3519-47f1-b6b5-d1500016bb66 put bet, bet value 10 
2021-08-21 12:05:31.078 INFO  user_id 5646786b-ce3a-4722-91bb-c39fb9681878 put bet, bet value 10 
2021-08-21 12:05:32.734 INFO  user_id b0b29340-3519-47f1-b6b5-d1500016bb66 put bet, bet value 10 
2021-08-21 12:07:35.412 INFO  user_id 5646786b-ce3a-4722-91bb-c39fb9681878 put bet, bet value 10 
2021-08-21 12:07:42.847 INFO  user_id b0b29340-3519-47f1-b6b5-d1500016bb66 put bet, bet value 10 
2021-08-21 12:08:36.804 INFO  user_id 5646786b-ce3a-4722-91bb-c39fb9681878 put bet, bet value 10 
2021-08-21 12:08:39.280 INFO  user_id b0b29340-3519-47f1-b6b5-d1500016bb66 put bet, bet value 10 
2021-08-21 12:08:55.620 INFO  user_id 5646786b-ce3a-4722-91bb-c39fb9681878 put bet, bet value 10 
2021-08-21 12:08:57.295 INFO  user_id b0b29340-3519-47f1-b6b5-d1500016bb66 put bet, bet value 20 
2021-08-21 12:13:41.307 INFO  user_id 5646786b-ce3a-4722-91bb-c39fb9681878 put bet, bet value 10 
2021-08-21 12:13:44.082 INFO  user_id b0b29340-3519-47f1-b6b5-d1500016bb66 put bet, bet value 40 
2021-08-21 12:24:49.477 INFO  user_id 5646786b-ce3a-4722-91bb-c39fb9681878 put bet, bet value 10 
2021-08-21 12:24:51.520 INFO  user_id 5646786b-ce3a-4722-91bb-c39fb9681878 put bet, bet value 20 
2021-08-21 15:06:01.709 INFO  user_id 5646786b-ce3a-4722-91bb-c39fb9681878 put bet, bet value 30 
2021-08-21 15:06:06.277 INFO  user_id b0b29340-3519-47f1-b6b5-d1500016bb66 put bet, bet value 60 
2021-08-21 15:07:00.614 INFO  user_id b0b29340-3519-47f1-b6b5-d1500016bb66 put bet, bet value 50 
2021-08-21 15:07:02.539 INFO  user_id 5646786b-ce3a-4722-91bb-c39fb9681878 put bet, bet value 30 
2021-08-21 15:11:51.167 INFO  user_id 5646786b-ce3a-4722-91bb-c39fb9681878 put bet, bet value 10 
2021-08-21 15:11:55.162 INFO  user_id b0b29340-3519-47f1-b6b5-d1500016bb66 put bet, bet value 60 
2021-08-21 15:26:02.495 INFO  user_id 5646786b-ce3a-4722-91bb-c39fb9681878 put bet, bet value 20 
2021-08-21 15:26:05.284 INFO  user_id b0b29340-3519-47f1-b6b5-d1500016bb66 put bet, bet value 20 
2021-08-21 15:27:15.946 INFO  user_id 5646786b-ce3a-4722-91bb-c39fb9681878 put bet, bet value 20 
2021-08-21 15:27:17.535 INFO  user_id b0b29340-3519-47f1-b6b5-d1500016bb66 put bet, bet value 10 
2021-08-21 15:29:27.370 INFO  user_id 5646786b-ce3a-4722-91bb-c39fb9681878 put bet, bet value 30 
2021-08-21 15:29:30.634 INFO  user_id b0b29340-3519-47f1-b6b5-d1500016bb66 put bet, bet value 10 
2021-08-21 15:37:41.441 INFO  user_id b0b29340-3519-47f1-b6b5-d1500016bb66 put bet, bet value 20 
2021-08-21 15:37:43.388 INFO  user_id 5646786b-ce3a-4722-91bb-c39fb9681878 put bet, bet value 10 
2021-08-21 15:39:20.003 INFO  user_id b0b29340-3519-47f1-b6b5-d1500016bb66 put bet, bet value 10 
2021-08-21 15:39:22.612 INFO  user_id 5646786b-ce3a-4722-91bb-c39fb9681878 put bet, bet value 20 
2021-08-21 15:40:22.177 INFO  user_id 5646786b-ce3a-4722-91bb-c39fb9681878 put bet, bet value 20 
2021-08-21 15:40:24.292 INFO  user_id b0b29340-3519-47f1-b6b5-d1500016bb66 put bet, bet value 10 
2021-08-21 15:42:49.302 INFO  user_id 5646786b-ce3a-4722-91bb-c39fb9681878 put bet, bet value 20 
2021-08-21 15:42:51.672 INFO  user_id b0b29340-3519-47f1-b6b5-d1500016bb66 put bet, bet value 10 
2021-08-21 15:43:44.834 INFO  user_id 5646786b-ce3a-4722-91bb-c39fb9681878 put bet, bet value 20 
2021-08-21 15:43:48.071 INFO  user_id b0b29340-3519-47f1-b6b5-d1500016bb66 put bet, bet value 10 
2021-08-21 15:48:18.453 INFO  user_id 5646786b-ce3a-4722-91bb-c39fb9681878 put bet, bet value 20 
2021-08-21 15:48:20.598 INFO  user_id b0b29340-3519-47f1-b6b5-d1500016bb66 put bet, bet value 10 
2021-08-21 15:58:07.095 INFO  user_id 5646786b-ce3a-4722-91bb-c39fb9681878 put bet, bet value 20 
2021-08-21 15:58:09.907 INFO  user_id b0b29340-3519-47f1-b6b5-d1500016bb66 put bet, bet value 20 
2021-08-21 16:03:25.401 INFO  user_id b0b29340-3519-47f1-b6b5-d1500016bb66 put bet, bet value 10 
2021-08-21 16:03:26.190 INFO  user_id 5646786b-ce3a-4722-91bb-c39fb9681878 put bet, bet value 20 
2021-08-21 16:07:53.750 INFO  user_id 5646786b-ce3a-4722-91bb-c39fb9681878 put bet, bet value 20 
2021-08-21 16:07:56.231 INFO  user_id b0b29340-3519-47f1-b6b5-d1500016bb66 put bet, bet value 10 
2021-08-21 16:10:00.272 INFO  user_id 5646786b-ce3a-4722-91bb-c39fb9681878 put bet, bet value 20 
2021-08-21 16:10:02.840 INFO  user_id b0b29340-3519-47f1-b6b5-d1500016bb66 put bet, bet value 10 
2021-08-21 16:15:05.285 INFO  user_id 5646786b-ce3a-4722-91bb-c39fb9681878 put bet, bet value 30 
2021-08-21 16:15:21.521 INFO  user_id b0b29340-3519-47f1-b6b5-d1500016bb66 put bet, bet value 70 
2021-08-21 16:17:31.013 INFO  user_id 5646786b-ce3a-4722-91bb-c39fb9681878 put bet, bet value 10 
2021-08-21 16:18:34.267 INFO  user_id 5646786b-ce3a-4722-91bb-c39fb9681878 put bet, bet value 10 
2021-08-21 16:18:37.570 INFO  user_id b0b29340-3519-47f1-b6b5-d1500016bb66 put bet, bet value 100 
2021-08-23 13:46:44.422 INFO  user_id b0b29340-3519-47f1-b6b5-d1500016bb66 put bet, bet value 20 
2021-08-23 18:03:33.976 INFO  user_id undefined put bet, bet value 10 
2021-08-23 18:03:35.804 INFO  user_id undefined put bet, bet value 10 
2021-08-23 18:24:57.594 INFO  user_id undefined put bet, bet value 10 
2021-08-23 18:24:58.618 INFO  user_id undefined put bet, bet value 10 
2021-08-23 18:25:23.982 INFO  user_id undefined put bet, bet value 10 
2021-08-23 18:25:24.913 INFO  user_id undefined put bet, bet value 10 
2021-08-23 18:31:15.390 INFO  user_id undefined put bet, bet value 10 
2021-08-23 18:31:16.767 INFO  user_id undefined put bet, bet value 10 
2021-08-23 18:34:10.199 INFO  user_id undefined put bet, bet value 10 
2021-08-23 18:34:11.032 INFO  user_id undefined put bet, bet value 10 
2021-08-23 19:13:18.444 INFO  user_id undefined put bet, bet value 10 
2021-08-23 19:13:19.358 INFO  user_id undefined put bet, bet value 10 
2021-08-23 19:14:29.107 INFO  user_id undefined put bet, bet value 20 
2021-08-23 19:14:30.676 INFO  user_id undefined put bet, bet value 20 
2021-08-23 19:23:52.529 INFO  user_id undefined put bet, bet value 10 
2021-08-23 19:23:56.700 INFO  user_id undefined put bet, bet value 10 
2021-08-23 19:46:32.926 INFO  user_id undefined put bet, bet value 10 
2021-08-23 19:46:34.576 INFO  user_id undefined put bet, bet value 10 
2021-08-23 20:05:53.247 INFO  user_id undefined put bet, bet value 10 
2021-08-23 20:05:56.046 INFO  user_id undefined put bet, bet value 10 
2021-08-23 20:06:45.996 INFO  user_id undefined put bet, bet value 10 
2021-08-23 20:06:50.366 INFO  user_id undefined put bet, bet value 10 
2021-08-23 20:07:22.208 INFO  user_id undefined put bet, bet value 10 
2021-08-23 20:07:26.513 INFO  user_id undefined put bet, bet value 10 
2021-08-24 13:21:02.294 INFO  user_id 018528afe8f39b6c5f92142313bf14cb5c53a05cc1bad490dff697fc08e6fc81b689fbef9732236e08c1d823bcec495dbeef7323f53e2d54f0 put bet, bet value 10 
2021-08-24 13:21:17.688 INFO  user_id 018d12641048dbf807e41bc3c84ae90658d9ac0e9cdace1585e2c237d9dc6ea8f9a30a14a5f4240cab68ff639b732cac1a9701bb6b881638fe put bet, bet value 10 
2021-08-24 13:23:28.686 INFO  user_id 018528afe8f39b6c5f92142313bf14cb5c53a05cc1bad490dff697fc08e6fc81b689fbef9732236e08c1d823bcec495dbeef7323f53e2d54f0 put bet, bet value 10 
2021-08-24 13:24:14.971 INFO  user_id 018d12641048dbf807e41bc3c84ae90658d9ac0e9cdace1585e2c237d9dc6ea8f9a30a14a5f4240cab68ff639b732cac1a9701bb6b881638fe put bet, bet value 10 
2021-08-24 13:29:00.062 INFO  user_id 018528afe8f39b6c5f92142313bf14cb5c53a05cc1bad490dff697fc08e6fc81b689fbef9732236e08c1d823bcec495dbeef7323f53e2d54f0 put bet, bet value 10 
2021-08-24 13:29:10.280 INFO  user_id 018d12641048dbf807e41bc3c84ae90658d9ac0e9cdace1585e2c237d9dc6ea8f9a30a14a5f4240cab68ff639b732cac1a9701bb6b881638fe put bet, bet value 10 
2021-08-24 13:29:20.316 INFO  19 prize transferred to 018528afe8f39b6c5f92142313bf14cb5c53a05cc1bad490dff697fc08e6fc81b689fbef9732236e08c1d823bcec495dbeef7323f53e2d54f0 
2021-08-24 13:29:48.965 INFO  user_id 018d12641048dbf807e41bc3c84ae90658d9ac0e9cdace1585e2c237d9dc6ea8f9a30a14a5f4240cab68ff639b732cac1a9701bb6b881638fe put bet, bet value 10 
2021-08-24 13:29:51.049 INFO  user_id 018528afe8f39b6c5f92142313bf14cb5c53a05cc1bad490dff697fc08e6fc81b689fbef9732236e08c1d823bcec495dbeef7323f53e2d54f0 put bet, bet value 10 
2021-08-24 13:30:01.081 INFO  19 prize transferred to 018d12641048dbf807e41bc3c84ae90658d9ac0e9cdace1585e2c237d9dc6ea8f9a30a14a5f4240cab68ff639b732cac1a9701bb6b881638fe 
2021-08-24 13:37:03.393 INFO  user_id 018d12641048dbf807e41bc3c84ae90658d9ac0e9cdace1585e2c237d9dc6ea8f9a30a14a5f4240cab68ff639b732cac1a9701bb6b881638fe put bet, bet value 10 
2021-08-24 13:37:45.542 INFO  user_id 018528afe8f39b6c5f92142313bf14cb5c53a05cc1bad490dff697fc08e6fc81b689fbef9732236e08c1d823bcec495dbeef7323f53e2d54f0 put bet, bet value 10 
2021-08-24 13:37:55.580 INFO  19 prize transferred to 018d12641048dbf807e41bc3c84ae90658d9ac0e9cdace1585e2c237d9dc6ea8f9a30a14a5f4240cab68ff639b732cac1a9701bb6b881638fe 
2021-08-24 13:47:14.310 INFO  user_id 018d12641048dbf807e41bc3c84ae90658d9ac0e9cdace1585e2c237d9dc6ea8f9a30a14a5f4240cab68ff639b732cac1a9701bb6b881638fe put bet, bet value 10 
2021-08-24 13:47:16.764 INFO  user_id 018528afe8f39b6c5f92142313bf14cb5c53a05cc1bad490dff697fc08e6fc81b689fbef9732236e08c1d823bcec495dbeef7323f53e2d54f0 put bet, bet value 10 
2021-08-24 13:47:26.786 INFO  19 prize transferred to 018528afe8f39b6c5f92142313bf14cb5c53a05cc1bad490dff697fc08e6fc81b689fbef9732236e08c1d823bcec495dbeef7323f53e2d54f0 
2021-08-26 14:14:36.539 INFO  user_id 018d12641048dbf807e41bc3c84ae90658d9ac0e9cdace1585e2c237d9dc6ea8f9a30a14a5f4240cab68ff639b732cac1a9701bb6b881638fe put bet, bet value 10 
2021-08-26 15:08:08.337 INFO  user_id 018d12641048dbf807e41bc3c84ae90658d9ac0e9cdace1585e2c237d9dc6ea8f9a30a14a5f4240cab68ff639b732cac1a9701bb6b881638fe put bet, bet value 10 
2021-08-26 15:08:12.435 INFO  user_id 018528afe8f39b6c5f92142313bf14cb5c53a05cc1bad490dff697fc08e6fc81b689fbef9732236e08c1d823bcec495dbeef7323f53e2d54f0 put bet, bet value 10 
2021-08-26 15:08:22.458 INFO  19 prize transferred to 018528afe8f39b6c5f92142313bf14cb5c53a05cc1bad490dff697fc08e6fc81b689fbef9732236e08c1d823bcec495dbeef7323f53e2d54f0 
2021-08-26 15:14:43.535 INFO  user_id 018d12641048dbf807e41bc3c84ae90658d9ac0e9cdace1585e2c237d9dc6ea8f9a30a14a5f4240cab68ff639b732cac1a9701bb6b881638fe put bet, bet value 10 
2021-08-26 15:14:47.461 INFO  user_id 018528afe8f39b6c5f92142313bf14cb5c53a05cc1bad490dff697fc08e6fc81b689fbef9732236e08c1d823bcec495dbeef7323f53e2d54f0 put bet, bet value 10 
2021-08-26 15:14:57.481 INFO  19 prize transferred to 018d12641048dbf807e41bc3c84ae90658d9ac0e9cdace1585e2c237d9dc6ea8f9a30a14a5f4240cab68ff639b732cac1a9701bb6b881638fe 
2021-08-26 15:29:33.158 INFO  user_id 018d12641048dbf807e41bc3c84ae90658d9ac0e9cdace1585e2c237d9dc6ea8f9a30a14a5f4240cab68ff639b732cac1a9701bb6b881638fe put bet, bet value 10 
2021-08-26 15:29:44.451 INFO  user_id 018528afe8f39b6c5f92142313bf14cb5c53a05cc1bad490dff697fc08e6fc81b689fbef9732236e08c1d823bcec495dbeef7323f53e2d54f0 put bet, bet value 10 
2021-08-26 15:29:54.517 INFO  19 prize transferred to 018d12641048dbf807e41bc3c84ae90658d9ac0e9cdace1585e2c237d9dc6ea8f9a30a14a5f4240cab68ff639b732cac1a9701bb6b881638fe 
2021-08-27 17:59:30.414 INFO  user_id undefined put bet, bet value 10 
2021-08-27 19:18:11.342 INFO  user_id undefined put bet, bet value 10 
2021-08-27 19:18:20.351 INFO  user_id undefined put bet, bet value 10 
2021-08-27 19:18:30.460 INFO  19 prize transferred to undefined 
2021-08-27 19:34:09.912 INFO  user_id undefined put bet, bet value 10 
2021-08-27 19:43:20.388 INFO  user_id undefined put bet, bet value 12.23 
2021-08-27 19:43:30.510 INFO  21.1185 prize transferred to undefined 
2021-08-27 19:49:05.676 INFO  user_id undefined put bet, bet value 10 
2021-08-27 19:49:07.440 INFO  user_id undefined put bet, bet value 30 
2021-08-27 19:49:17.473 INFO  38 prize transferred to undefined 
2021-08-27 19:53:10.384 INFO  user_id undefined put bet, bet value 10 
2021-08-27 19:53:14.342 INFO  user_id undefined put bet, bet value 20 
2021-08-27 19:53:24.375 INFO  28.5 prize transferred to undefined 
2021-08-27 19:59:55.258 INFO  user_id undefined put bet, bet value 10 
2021-08-27 19:59:59.533 INFO  user_id undefined put bet, bet value 10 
2021-08-27 20:00:09.618 INFO  19 prize transferred to undefined 
2021-08-27 20:02:55.759 INFO  user_id undefined put bet, bet value 10 
2021-08-27 20:02:57.227 INFO  user_id undefined put bet, bet value 10 
2021-08-27 20:03:07.284 INFO  19 prize transferred to 018d12641048dbf807e41bc3c84ae90658d9ac0e9cdace1585e2c237d9dc6ea8f9a30a14a5f4240cab68ff639b732cac1a9701bb6b881638fe 
2021-08-27 20:05:39.092 INFO  user_id undefined put bet, bet value 10 
2021-08-27 20:06:05.766 INFO  user_id undefined put bet, bet value 31 
2021-08-27 20:06:15.868 INFO  38.949999999999996 prize transferred to 018d12641048dbf807e41bc3c84ae90658d9ac0e9cdace1585e2c237d9dc6ea8f9a30a14a5f4240cab68ff639b732cac1a9701bb6b881638fe 
